<?xml version="1.0" encoding="UTF-8"?>
<!-- Generated by org.testng.reporters.JUnitReportReporter -->
<testsuite skipped="0" hostname="Amar" name="practice_selenium.Font_size" tests="3" failures="0" timestamp="09 Jul 2020 16:09:45 GMT" time="58.013" errors="0">
  <testcase name="fontSize" time="19.464" classname="practice_selenium.Font_size"/>
  <testcase name="title" time="19.288" classname="practice_selenium.Font_size"/>
  <testcase name="url" time="19.261" classname="practice_selenium.Font_size"/>
</testsuite> <!-- practice_selenium.Font_size -->
