<?xml version="1.0" encoding="UTF-8"?>
<!-- Generated by org.testng.reporters.JUnitReportReporter -->
<testsuite skipped="0" hostname="Amar" name="practice_selenium.Cross_Browser" tests="2" failures="0" timestamp="09 Jul 2020 16:38:21 GMT" time="25.145" errors="0">
  <testcase name="testParameterWithXML" time="12.824" classname="practice_selenium.Cross_Browser"/>
  <testcase name="testParameterWithXML" time="12.321" classname="practice_selenium.Cross_Browser"/>
</testsuite> <!-- practice_selenium.Cross_Browser -->
